{"C:\\Users\\avpus\\YandexDisk\\Projects\\Netology\\adv_web_4\\src\\health.js": {"path":"C:\\Users\\avpus\\YandexDisk\\Projects\\Netology\\adv_web_4\\src\\health.js","statementMap":{"0":{"start":{"line":2,"column":18},"end":{"line":2,"column":27}},"1":{"start":{"line":3,"column":21},"end":{"line":3,"column":31}},"2":{"start":{"line":4,"column":2},"end":{"line":6,"column":3}},"3":{"start":{"line":5,"column":4},"end":{"line":5,"column":26}},"4":{"start":{"line":7,"column":2},"end":{"line":9,"column":3}},"5":{"start":{"line":8,"column":4},"end":{"line":8,"column":27}},"6":{"start":{"line":10,"column":2},"end":{"line":10,"column":19}}},"fnMap":{"0":{"name":"checkHealth","decl":{"start":{"line":1,"column":9},"end":{"line":1,"column":20}},"loc":{"start":{"line":1,"column":33},"end":{"line":11,"column":1}},"line":1}},"branchMap":{"0":{"loc":{"start":{"line":4,"column":2},"end":{"line":6,"column":3}},"type":"if","locations":[{"start":{"line":4,"column":2},"end":{"line":6,"column":3}},{"start":{},"end":{}}],"line":4},"1":{"loc":{"start":{"line":7,"column":2},"end":{"line":9,"column":3}},"type":"if","locations":[{"start":{"line":7,"column":2},"end":{"line":9,"column":3}},{"start":{},"end":{}}],"line":7}},"s":{"0":3,"1":3,"2":3,"3":1,"4":3,"5":1,"6":3},"f":{"0":3},"b":{"0":[1,2],"1":[1,2]},"_coverageSchema":"1a1c01bbd47fc00a2c39e90264f33305004495a9","hash":"b746e88c98ed092d895bdb5073dfc84d2e1f951c"}
,"C:\\Users\\avpus\\YandexDisk\\Projects\\Netology\\adv_web_4\\src\\sorter.js": {"path":"C:\\Users\\avpus\\YandexDisk\\Projects\\Netology\\adv_web_4\\src\\sorter.js","statementMap":{"0":{"start":{"line":2,"column":2},"end":{"line":2,"column":56}},"1":{"start":{"line":2,"column":35},"end":{"line":2,"column":54}}},"fnMap":{"0":{"name":"sortObject","decl":{"start":{"line":1,"column":9},"end":{"line":1,"column":19}},"loc":{"start":{"line":1,"column":32},"end":{"line":3,"column":1}},"line":1},"1":{"name":"(anonymous_1)","decl":{"start":{"line":2,"column":25},"end":{"line":2,"column":26}},"loc":{"start":{"line":2,"column":35},"end":{"line":2,"column":54}},"line":2}},"branchMap":{},"s":{"0":1,"1":4},"f":{"0":1,"1":4},"b":{},"_coverageSchema":"1a1c01bbd47fc00a2c39e90264f33305004495a9","hash":"d23f5f9a5d19128e129796ef18a2bd3b589b60f5"}
}
